   1               		.file	"A7139.c"
   2               	__SREG__ = 0x3f
   3               	__SP_H__ = 0x3e
   4               	__SP_L__ = 0x3d
   5               	__CCP__  = 0x34
   6               	__tmp_reg__ = 0
   7               	__zero_reg__ = 1
  15               	.Ltext0:
  16               	.global	SPIx_WriteByte
  18               	SPIx_WriteByte:
  19               	.LFB8:
  20               	.LM1:
  21               	.LVL0:
  22               	/* prologue: function */
  23               	/* frame size = 0 */
  24               	.LM2:
  25 0000 209A      		sbi 36-32,0
  26 0002 90E0      		ldi r25,lo8(0)
  27               	.LVL1:
  28               	.L5:
  29               	.LM3:
  30 0004 87FF      		sbrs r24,7
  31 0006 00C0      		rjmp .L2
  32               	.LM4:
  33 0008 289A      		sbi 37-32,0
  34 000a 00C0      		rjmp .L3
  35               	.L2:
  36               	.LM5:
  37 000c 2898      		cbi 37-32,0
  38               	.L3:
  39               	.LM6:
  40               	/* #APP */
  41               	 ;  27 "A7139.c" 1
  42 000e 0000      		nop
  43               	 ;  0 "" 2
  44               	.LM7:
  45               	/* #NOAPP */
  46 0010 299A      		sbi 37-32,1
  47               	.LM8:
  48               	/* #APP */
  49               	 ;  29 "A7139.c" 1
  50 0012 0000      		nop
  51               	 ;  0 "" 2
  52               	.LM9:
  53               	/* #NOAPP */
  54 0014 2998      		cbi 37-32,1
  55               	.LM10:
  56 0016 9F5F      		subi r25,lo8(-(1))
  57 0018 9830      		cpi r25,lo8(8)
  58 001a 01F0      		breq .L6
  59               	.LM11:
  60 001c 880F      		lsl r24
  61               	.LVL2:
  62 001e 00C0      		rjmp .L5
  63               	.L6:
  64 0020 0895      		ret
  65               	.LFE8:
  67               	.global	SPIx_ReadByte
  69               	SPIx_ReadByte:
  70               	.LFB9:
  71               	.LM12:
  72               	/* prologue: function */
  73               	/* frame size = 0 */
  74               	.LM13:
  75 0022 2098      		cbi 36-32,0
  76 0024 90E0      		ldi r25,lo8(0)
  77               	.LVL3:
  78 0026 80E0      		ldi r24,lo8(0)
  79               	.LVL4:
  80               	.L10:
  81               	.LM14:
  82 0028 189B      		sbis 35-32,0
  83 002a 00C0      		rjmp .L8
  84               	.LM15:
  85 002c 880F      		lsl r24
  86 002e 8160      		ori r24,lo8(1)
  87 0030 00C0      		rjmp .L9
  88               	.L8:
  89               	.LM16:
  90 0032 880F      		lsl r24
  91               	.L9:
  92               	.LM17:
  93               	/* #APP */
  94               	 ;  45 "A7139.c" 1
  95 0034 0000      		nop
  96               	 ;  0 "" 2
  97               	.LM18:
  98               	/* #NOAPP */
  99 0036 299A      		sbi 37-32,1
 100               	.LM19:
 101               	/* #APP */
 102               	 ;  47 "A7139.c" 1
 103 0038 0000      		nop
 104               	 ;  0 "" 2
 105               	.LM20:
 106               	/* #NOAPP */
 107 003a 2998      		cbi 37-32,1
 108               	.LM21:
 109 003c 9F5F      		subi r25,lo8(-(1))
 110 003e 9830      		cpi r25,lo8(8)
 111 0040 01F4      		brne .L10
 112               	/* epilogue start */
 113               	.LM22:
 114 0042 0895      		ret
 115               	.LFE9:
 117               	.global	SPIx_WriteWord
 119               	SPIx_WriteWord:
 120               	.LFB10:
 121               	.LM23:
 122               	.LVL5:
 123               	/* prologue: function */
 124               	/* frame size = 0 */
 125               	.LM24:
 126 0044 209A      		sbi 36-32,0
 127 0046 20E0      		ldi r18,lo8(0)
 128               	.LVL6:
 129               	.L17:
 130               	.LM25:
 131 0048 97FF      		sbrs r25,7
 132 004a 00C0      		rjmp .L14
 133               	.LM26:
 134 004c 289A      		sbi 37-32,0
 135 004e 00C0      		rjmp .L15
 136               	.L14:
 137               	.LM27:
 138 0050 2898      		cbi 37-32,0
 139               	.L15:
 140               	.LM28:
 141 0052 299A      		sbi 37-32,1
 142               	.LM29:
 143               	/* #APP */
 144               	 ;  64 "A7139.c" 1
 145 0054 0000      		nop
 146               	 ;  0 "" 2
 147               	.LM30:
 148               	/* #NOAPP */
 149 0056 2998      		cbi 37-32,1
 150               	.LM31:
 151 0058 2F5F      		subi r18,lo8(-(1))
 152 005a 2031      		cpi r18,lo8(16)
 153 005c 01F0      		breq .L18
 154               	.LM32:
 155 005e 880F      		lsl r24
 156 0060 991F      		rol r25
 157               	.LVL7:
 158 0062 00C0      		rjmp .L17
 159               	.L18:
 160 0064 0895      		ret
 161               	.LFE10:
 163               	.global	SPIx_ReadWord
 165               	SPIx_ReadWord:
 166               	.LFB11:
 167               	.LM33:
 168               	/* prologue: function */
 169               	/* frame size = 0 */
 170               	.LM34:
 171 0066 2098      		cbi 36-32,0
 172 0068 20E0      		ldi r18,lo8(0)
 173 006a 30E0      		ldi r19,hi8(0)
 174               	.LVL8:
 175 006c 40E0      		ldi r20,lo8(0)
 176               	.LVL9:
 177               	.L22:
 178 006e C901      		movw r24,r18
 179 0070 880F      		lsl r24
 180 0072 991F      		rol r25
 181               	.LVL10:
 182               	.LM35:
 183 0074 189B      		sbis 35-32,0
 184 0076 00C0      		rjmp .L20
 185               	.LM36:
 186 0078 9C01      		movw r18,r24
 187 007a 2160      		ori r18,lo8(1)
 188               	.LVL11:
 189 007c 00C0      		rjmp .L21
 190               	.LVL12:
 191               	.L20:
 192               	.LM37:
 193 007e 9C01      		movw r18,r24
 194               	.LVL13:
 195               	.L21:
 196               	.LM38:
 197 0080 299A      		sbi 37-32,1
 198               	.LM39:
 199               	/* #APP */
 200               	 ;  82 "A7139.c" 1
 201 0082 0000      		nop
 202               	 ;  0 "" 2
 203               	.LM40:
 204               	/* #NOAPP */
 205 0084 2998      		cbi 37-32,1
 206               	.LM41:
 207 0086 4F5F      		subi r20,lo8(-(1))
 208 0088 4031      		cpi r20,lo8(16)
 209 008a 01F4      		brne .L22
 210               	.LM42:
 211 008c C901      		movw r24,r18
 212               	.LVL14:
 213               	/* epilogue start */
 214 008e 0895      		ret
 215               	.LFE11:
 218               	A7139_WriteReg:
 219               	.LFB12:
 220               	.LM43:
 221               	.LVL15:
 222 0090 0F93      		push r16
 223 0092 1F93      		push r17
 224               	/* prologue: function */
 225               	/* frame size = 0 */
 226 0094 8B01      		movw r16,r22
 227               	.LM44:
 228 0096 2A98      		cbi 37-32,2
 229               	.LM45:
 230 0098 00D0      		rcall SPIx_WriteByte
 231               	.LVL16:
 232               	.LM46:
 233 009a C801      		movw r24,r16
 234 009c 00D0      		rcall SPIx_WriteWord
 235               	.LM47:
 236 009e 2A9A      		sbi 37-32,2
 237               	/* epilogue start */
 238               	.LM48:
 239 00a0 1F91      		pop r17
 240 00a2 0F91      		pop r16
 241               	.LVL17:
 242 00a4 0895      		ret
 243               	.LFE12:
 246               	A7139_ReadReg:
 247               	.LFB13:
 248               	.LM49:
 249               	.LVL18:
 250               	/* prologue: function */
 251               	/* frame size = 0 */
 252               	.LM50:
 253 00a6 2A98      		cbi 37-32,2
 254               	.LM51:
 255 00a8 8068      		ori r24,lo8(-128)
 256               	.LVL19:
 257 00aa 00D0      		rcall SPIx_WriteByte
 258               	.LM52:
 259               	/* #APP */
 260               	 ;  104 "A7139.c" 1
 261 00ac 0000      		nop
 262               	 ;  0 "" 2
 263               	.LM53:
 264               	/* #NOAPP */
 265 00ae 00D0      		rcall SPIx_ReadWord
 266               	.LM54:
 267 00b0 2A9A      		sbi 37-32,2
 268               	/* epilogue start */
 269               	.LM55:
 270 00b2 0895      		ret
 271               	.LFE13:
 274               	A7139_WritePageA:
 275               	.LFB14:
 276               	.LM56:
 277               	.LVL20:
 278 00b4 0F93      		push r16
 279 00b6 1F93      		push r17
 280               	/* prologue: function */
 281               	/* frame size = 0 */
 282 00b8 8B01      		movw r16,r22
 283               	.LM57:
 284 00ba 782F      		mov r23,r24
 285 00bc 7295      		swap r23
 286 00be 707F      		andi r23,lo8(-16)
 287 00c0 60E0      		ldi r22,lo8(0)
 288               	.LVL21:
 289               	.LM58:
 290 00c2 6161      		ori r22,lo8(17)
 291 00c4 87E0      		ldi r24,lo8(7)
 292               	.LVL22:
 293 00c6 00D0      		rcall A7139_WriteReg
 294               	.LM59:
 295 00c8 88E0      		ldi r24,lo8(8)
 296 00ca B801      		movw r22,r16
 297 00cc 00D0      		rcall A7139_WriteReg
 298               	/* epilogue start */
 299               	.LM60:
 300 00ce 1F91      		pop r17
 301 00d0 0F91      		pop r16
 302               	.LVL23:
 303 00d2 0895      		ret
 304               	.LFE14:
 307               	A7139_WritePageB:
 308               	.LFB15:
 309               	.LM61:
 310               	.LVL24:
 311 00d4 0F93      		push r16
 312 00d6 1F93      		push r17
 313               	/* prologue: function */
 314               	/* frame size = 0 */
 315 00d8 8B01      		movw r16,r22
 316               	.LM62:
 317 00da 682F      		mov r22,r24
 318               	.LVL25:
 319 00dc 70E0      		ldi r23,lo8(0)
 320               	.LVL26:
 321 00de 7695      		lsr r23
 322 00e0 762F      		mov r23,r22
 323 00e2 6627      		clr r22
 324 00e4 7795      		ror r23
 325 00e6 6795      		ror r22
 326               	.LVL27:
 327               	.LM63:
 328 00e8 6161      		ori r22,lo8(17)
 329               	.LVL28:
 330 00ea 87E0      		ldi r24,lo8(7)
 331 00ec 00D0      		rcall A7139_WriteReg
 332               	.LVL29:
 333               	.LM64:
 334 00ee 89E0      		ldi r24,lo8(9)
 335 00f0 B801      		movw r22,r16
 336 00f2 00D0      		rcall A7139_WriteReg
 337               	/* epilogue start */
 338               	.LM65:
 339 00f4 1F91      		pop r17
 340 00f6 0F91      		pop r16
 341               	.LVL30:
 342 00f8 0895      		ret
 343               	.LFE15:
 346               	A7139_ReadPageA:
 347               	.LFB16:
 348               	.LM66:
 349               	.LVL31:
 350               	/* prologue: function */
 351               	/* frame size = 0 */
 352               	.LM67:
 353 00fa 782F      		mov r23,r24
 354 00fc 7295      		swap r23
 355 00fe 707F      		andi r23,lo8(-16)
 356 0100 60E0      		ldi r22,lo8(0)
 357               	.LM68:
 358 0102 6161      		ori r22,lo8(17)
 359 0104 87E0      		ldi r24,lo8(7)
 360               	.LVL32:
 361 0106 00D0      		rcall A7139_WriteReg
 362               	.LM69:
 363 0108 88E0      		ldi r24,lo8(8)
 364 010a 00D0      		rcall A7139_ReadReg
 365               	/* epilogue start */
 366               	.LM70:
 367 010c 0895      		ret
 368               	.LFE16:
 371               	A7139_RCOSC_Cal:
 372               	.LFB20:
 373               	.LM71:
 374 010e 1F93      		push r17
 375 0110 CF93      		push r28
 376 0112 DF93      		push r29
 377               	/* prologue: function */
 378               	/* frame size = 0 */
 379               	.LM72:
 380 0114 82E0      		ldi r24,lo8(2)
 381 0116 60E1      		ldi r22,lo8(-2032)
 382 0118 78EF      		ldi r23,hi8(-2032)
 383 011a 00D0      		rcall A7139_WritePageA
 384 011c 1FEF      		ldi r17,lo8(-1)
 385               	.LVL33:
 386 011e CFEF      		ldi r28,lo8(-1)
 387 0120 DFEF      		ldi r29,hi8(-1)
 388               	.LVL34:
 389               	.L41:
 390               	.LM73:
 391 0122 8FE0      		ldi r24,lo8(15)
 392 0124 61E0      		ldi r22,lo8(1)
 393 0126 70E0      		ldi r23,hi8(1)
 394 0128 00D0      		rcall A7139_WritePageA
 395               	.L37:
 396               	.LM74:
 397 012a 8FE0      		ldi r24,lo8(15)
 398 012c 00D0      		rcall A7139_ReadPageA
 399               	.LM75:
 400 012e 80FF      		sbrs r24,0
 401 0130 00C0      		rjmp .L36
 402 0132 2197      		sbiw r28,1
 403 0134 8FEF      		ldi r24,hi8(-1)
 404 0136 CF3F      		cpi r28,lo8(-1)
 405 0138 D807      		cpc r29,r24
 406 013a 01F4      		brne .L37
 407               	.L36:
 408               	.LM76:
 409 013c 8FE0      		ldi r24,lo8(15)
 410 013e 00D0      		rcall A7139_ReadPageA
 411               	.LM77:
 412 0140 9370      		andi r25,hi8(1023)
 413 0142 9695      		lsr r25
 414 0144 8795      		ror r24
 415 0146 8B5B      		subi r24,lo8(-(-187))
 416 0148 9040      		sbci r25,hi8(-(-187))
 417 014a 0B97      		sbiw r24,11
 418 014c 00F0      		brlo .L38
 419               	.LM78:
 420 014e 1123      		tst r17
 421 0150 01F4      		brne .L39
 422 0152 84E0      		ldi r24,lo8(4)
 423 0154 00C0      		rjmp .L40
 424               	.L39:
 425 0156 1150      		subi r17,lo8(-(-1))
 426 0158 00C0      		rjmp .L41
 427               	.L38:
 428 015a 85E0      		ldi r24,lo8(5)
 429               	.L40:
 430               	/* epilogue start */
 431               	.LM79:
 432 015c DF91      		pop r29
 433 015e CF91      		pop r28
 434               	.LVL35:
 435 0160 1F91      		pop r17
 436               	.LVL36:
 437 0162 0895      		ret
 438               	.LFE20:
 440               	.global	StrobeCmd
 442               	StrobeCmd:
 443               	.LFB21:
 444               	.LM80:
 445               	.LVL37:
 446               	/* prologue: function */
 447               	/* frame size = 0 */
 448               	.LM81:
 449 0164 2A98      		cbi 37-32,2
 450               	.LM82:
 451 0166 00D0      		rcall SPIx_WriteByte
 452               	.LVL38:
 453               	.LM83:
 454 0168 2A9A      		sbi 37-32,2
 455               	/* epilogue start */
 456               	.LM84:
 457 016a 0895      		ret
 458               	.LFE21:
 460               	.global	A7139_SetCID
 462               	A7139_SetCID:
 463               	.LFB23:
 464               	.LM85:
 465               	.LVL39:
 466 016c EF92      		push r14
 467 016e FF92      		push r15
 468 0170 0F93      		push r16
 469 0172 1F93      		push r17
 470               	/* prologue: function */
 471               	/* frame size = 0 */
 472 0174 7B01      		movw r14,r22
 473 0176 8C01      		movw r16,r24
 474               	.LM86:
 475 0178 2A98      		cbi 37-32,2
 476               	.LM87:
 477 017a 80E2      		ldi r24,lo8(32)
 478 017c 00D0      		rcall SPIx_WriteByte
 479               	.LVL40:
 480               	.LM88:
 481 017e 812F      		mov r24,r17
 482 0180 9927      		clr r25
 483 0182 AA27      		clr r26
 484 0184 BB27      		clr r27
 485 0186 00D0      		rcall SPIx_WriteByte
 486               	.LM89:
 487 0188 C801      		movw r24,r16
 488 018a AA27      		clr r26
 489 018c BB27      		clr r27
 490 018e 00D0      		rcall SPIx_WriteByte
 491               	.LM90:
 492 0190 BB27      		clr r27
 493 0192 A12F      		mov r26,r17
 494 0194 902F      		mov r25,r16
 495 0196 8F2D      		mov r24,r15
 496 0198 00D0      		rcall SPIx_WriteByte
 497               	.LM91:
 498 019a 8E2D      		mov r24,r14
 499 019c 00D0      		rcall SPIx_WriteByte
 500               	.LM92:
 501 019e 2A9A      		sbi 37-32,2
 502               	.LM93:
 503 01a0 80E0      		ldi r24,lo8(0)
 504               	/* epilogue start */
 505 01a2 1F91      		pop r17
 506 01a4 0F91      		pop r16
 507 01a6 FF90      		pop r15
 508 01a8 EF90      		pop r14
 509               	.LVL41:
 510 01aa 0895      		ret
 511               	.LFE23:
 513               	.global	A7139_Init
 515               	A7139_Init:
 516               	.LFB22:
 517               	.LM94:
 518               	.LVL42:
 519 01ac 6F92      		push r6
 520 01ae 7F92      		push r7
 521 01b0 8F92      		push r8
 522 01b2 9F92      		push r9
 523 01b4 AF92      		push r10
 524 01b6 BF92      		push r11
 525 01b8 CF92      		push r12
 526 01ba DF92      		push r13
 527 01bc EF92      		push r14
 528 01be FF92      		push r15
 529 01c0 0F93      		push r16
 530 01c2 1F93      		push r17
 531 01c4 CF93      		push r28
 532 01c6 DF93      		push r29
 533               	/* prologue: function */
 534               	/* frame size = 0 */
 535 01c8 3B01      		movw r6,r22
 536 01ca 4C01      		movw r8,r24
 537               	.LM95:
 538 01cc 2A9A      		sbi 37-32,2
 539               	.LM96:
 540 01ce 2998      		cbi 37-32,1
 541               	.LM97:
 542 01d0 289A      		sbi 37-32,0
 543               	.LM98:
 544 01d2 80E7      		ldi r24,lo8(112)
 545 01d4 00D0      		rcall StrobeCmd
 546               	.LVL43:
 547               	.LBB132:
 548               	.LBB133:
 549               	.LBB134:
 550               	.LBB135:
 551               	.LM99:
 552 01d6 84EC      		ldi r24,lo8(2500)
 553 01d8 99E0      		ldi r25,hi8(2500)
 554               	.LVL44:
 555               	/* #APP */
 556               	 ;  105 "c:/winavr-20100110/lib/gcc/../../avr/include/util/delay_basic.h" 1
 557 01da 0197      		1: sbiw r24,1
 558 01dc 01F4      		brne 1b
 559               	 ;  0 "" 2
 560               	/* #NOAPP */
 561 01de C0E0      		ldi r28,lo8(A7139Config)
 562 01e0 D0E0      		ldi r29,hi8(A7139Config)
 563 01e2 00E0      		ldi r16,lo8(0)
 564               	.LVL45:
 565               	.L49:
 566               	.LBE135:
 567               	.LBE134:
 568               	.LBE133:
 569               	.LBE132:
 570               	.LBB136:
 571               	.LBB137:
 572               	.LM100:
 573 01e4 6991      		ld r22,Y+
 574 01e6 7991      		ld r23,Y+
 575 01e8 802F      		mov r24,r16
 576               	.LVL46:
 577 01ea 00D0      		rcall A7139_WriteReg
 578               	.LM101:
 579 01ec 0F5F      		subi r16,lo8(-(1))
 580 01ee 0830      		cpi r16,lo8(8)
 581 01f0 01F4      		brne .L49
 582 01f2 C0E0      		ldi r28,lo8(A7139Config+20)
 583 01f4 D0E0      		ldi r29,hi8(A7139Config+20)
 584 01f6 0AE0      		ldi r16,lo8(10)
 585               	.LVL47:
 586               	.L50:
 587               	.LM102:
 588 01f8 6991      		ld r22,Y+
 589 01fa 7991      		ld r23,Y+
 590 01fc 802F      		mov r24,r16
 591 01fe 00D0      		rcall A7139_WriteReg
 592               	.LM103:
 593 0200 0F5F      		subi r16,lo8(-(1))
 594 0202 0031      		cpi r16,lo8(16)
 595 0204 01F4      		brne .L50
 596 0206 C0E0      		ldi r28,lo8(A7139Config_PageA)
 597 0208 D0E0      		ldi r29,hi8(A7139Config_PageA)
 598 020a 00E0      		ldi r16,lo8(0)
 599               	.LVL48:
 600               	.L51:
 601               	.LM104:
 602 020c 6991      		ld r22,Y+
 603 020e 7991      		ld r23,Y+
 604 0210 802F      		mov r24,r16
 605 0212 00D0      		rcall A7139_WritePageA
 606               	.LM105:
 607 0214 0F5F      		subi r16,lo8(-(1))
 608 0216 0031      		cpi r16,lo8(16)
 609 0218 01F4      		brne .L51
 610 021a C0E0      		ldi r28,lo8(A7139Config_PageB)
 611 021c D0E0      		ldi r29,hi8(A7139Config_PageB)
 612 021e 00E0      		ldi r16,lo8(0)
 613               	.LVL49:
 614               	.L52:
 615               	.LM106:
 616 0220 6991      		ld r22,Y+
 617 0222 7991      		ld r23,Y+
 618 0224 802F      		mov r24,r16
 619 0226 00D0      		rcall A7139_WritePageB
 620               	.LM107:
 621 0228 0F5F      		subi r16,lo8(-(1))
 622 022a 0530      		cpi r16,lo8(5)
 623 022c 01F4      		brne .L52
 624               	.LBE137:
 625               	.LBE136:
 626               	.LBB138:
 627               	.LBB139:
 628               	.LBB140:
 629               	.LBB141:
 630               	.LM108:
 631 022e 84EC      		ldi r24,lo8(2500)
 632 0230 99E0      		ldi r25,hi8(2500)
 633               	.LVL50:
 634               	/* #APP */
 635               	 ;  105 "c:/winavr-20100110/lib/gcc/../../avr/include/util/delay_basic.h" 1
 636 0232 0197      		1: sbiw r24,1
 637 0234 01F4      		brne 1b
 638               	 ;  0 "" 2
 639               	/* #NOAPP */
 640               	.LBE141:
 641               	.LBE140:
 642               	.LBE139:
 643               	.LBE138:
 644               	.LM109:
 645 0236 68EA      		ldi r22,lo8(175192488)
 646 0238 79E3      		ldi r23,hi8(175192488)
 647 023a 81E7      		ldi r24,hlo8(175192488)
 648 023c 9AE0      		ldi r25,hhi8(175192488)
 649 023e 00D0      		rcall A7139_SetCID
 650               	.LVL51:
 651               	.LBB142:
 652               	.LBB143:
 653               	.LBB144:
 654               	.LBB145:
 655               	.LM110:
 656 0240 8AEF      		ldi r24,lo8(250)
 657 0242 90E0      		ldi r25,hi8(250)
 658               	.LVL52:
 659               	/* #APP */
 660               	 ;  105 "c:/winavr-20100110/lib/gcc/../../avr/include/util/delay_basic.h" 1
 661 0244 0197      		1: sbiw r24,1
 662 0246 01F4      		brne 1b
 663               	 ;  0 "" 2
 664               	/* #NOAPP */
 665               	.LBE145:
 666               	.LBE144:
 667               	.LBE143:
 668               	.LBE142:
 669               	.LBB146:
 670               	.LBB147:
 671               	.LM111:
 672 0248 C401      		movw r24,r8
 673 024a B301      		movw r22,r6
 674 024c 2DEC      		ldi r18,lo8(0x414ccccd)
 675 024e 3CEC      		ldi r19,hi8(0x414ccccd)
 676 0250 4CE4      		ldi r20,hlo8(0x414ccccd)
 677 0252 51E4      		ldi r21,hhi8(0x414ccccd)
 678 0254 00D0      		rcall __divsf3
 679               	.LVL53:
 680 0256 5B01      		movw r10,r22
 681 0258 6C01      		movw r12,r24
 682               	.LVL54:
 683               	.LM112:
 684 025a 00D0      		rcall __fixunssfsi
 685 025c E62E      		mov r14,r22
 686               	.LVL55:
 687               	.LM113:
 688 025e 84E1      		ldi r24,lo8(20)
 689 0260 00D0      		rcall StrobeCmd
 690               	.LM114:
 691 0262 83E0      		ldi r24,lo8(3)
 692 0264 60E0      		ldi r22,lo8(0)
 693 0266 70E0      		ldi r23,hi8(0)
 694 0268 00D0      		rcall A7139_WriteReg
 695               	.LM115:
 696 026a 86E0      		ldi r24,lo8(6)
 697 026c 60E0      		ldi r22,lo8(0)
 698 026e 70E0      		ldi r23,hi8(0)
 699 0270 00D0      		rcall A7139_WriteReg
 700               	.LM116:
 701 0272 C401      		movw r24,r8
 702 0274 B301      		movw r22,r6
 703 0276 20E0      		ldi r18,lo8(0x44570000)
 704 0278 30E0      		ldi r19,hi8(0x44570000)
 705 027a 47E5      		ldi r20,hlo8(0x44570000)
 706 027c 54E4      		ldi r21,hhi8(0x44570000)
 707 027e 00D0      		rcall __ltsf2
 708 0280 8823      		tst r24
 709 0282 04F4      		brge .L70
 710 0284 60E2      		ldi r22,lo8(2592)
 711 0286 7AE0      		ldi r23,hi8(2592)
 712               	.LVL56:
 713 0288 00C0      		rjmp .L55
 714               	.LVL57:
 715               	.L70:
 716 028a 60E2      		ldi r22,lo8(6688)
 717 028c 7AE1      		ldi r23,hi8(6688)
 718               	.LVL58:
 719               	.L55:
 720               	.LM117:
 721 028e 84E0      		ldi r24,lo8(4)
 722 0290 00D0      		rcall A7139_WriteReg
 723               	.LVL59:
 724               	.LM118:
 725 0292 FF24      		clr r15
 726               	.LVL60:
 727 0294 B701      		movw r22,r14
 728 0296 7A60      		ori r23,hi8(2560)
 729 0298 81E0      		ldi r24,lo8(1)
 730 029a 00D0      		rcall A7139_WriteReg
 731               	.LM119:
 732 029c 0027      		clr r16
 733 029e F7FC      		sbrc r15,7
 734 02a0 0095      		com r16
 735 02a2 102F      		mov r17,r16
 736               	.LVL61:
 737 02a4 C801      		movw r24,r16
 738 02a6 B701      		movw r22,r14
 739 02a8 00D0      		rcall __floatsisf
 740 02aa 9B01      		movw r18,r22
 741 02ac AC01      		movw r20,r24
 742 02ae C601      		movw r24,r12
 743 02b0 B501      		movw r22,r10
 744 02b2 00D0      		rcall __subsf3
 745 02b4 20E0      		ldi r18,lo8(0x47800000)
 746 02b6 30E0      		ldi r19,hi8(0x47800000)
 747 02b8 40E8      		ldi r20,hlo8(0x47800000)
 748 02ba 57E4      		ldi r21,hhi8(0x47800000)
 749 02bc 00D0      		rcall __mulsf3
 750 02be 00D0      		rcall __fixunssfsi
 751 02c0 9B01      		movw r18,r22
 752 02c2 AC01      		movw r20,r24
 753 02c4 82E0      		ldi r24,lo8(2)
 754 02c6 B901      		movw r22,r18
 755 02c8 00D0      		rcall A7139_WriteReg
 756               	.LM120:
 757 02ca 82E0      		ldi r24,lo8(2)
 758 02cc 60E0      		ldi r22,lo8(0)
 759 02ce 70E0      		ldi r23,hi8(0)
 760 02d0 00D0      		rcall A7139_WritePageB
 761               	.LBE147:
 762               	.LBE146:
 763               	.LBB148:
 764               	.LBB149:
 765               	.LBB150:
 766               	.LBB151:
 767               	.LM121:
 768 02d2 86EA      		ldi r24,lo8(3750)
 769 02d4 9EE0      		ldi r25,hi8(3750)
 770               	.LVL62:
 771               	/* #APP */
 772               	 ;  105 "c:/winavr-20100110/lib/gcc/../../avr/include/util/delay_basic.h" 1
 773 02d6 0197      		1: sbiw r24,1
 774 02d8 01F4      		brne 1b
 775               	 ;  0 "" 2
 776               	/* #NOAPP */
 777               	.LBE151:
 778               	.LBE150:
 779               	.LBE149:
 780               	.LBE148:
 781               	.LBB152:
 782               	.LBB153:
 783               	.LM122:
 784 02da 8FE0      		ldi r24,lo8(15)
 785               	.LVL63:
 786 02dc 62EC      		ldi r22,lo8(10434)
 787 02de 78E2      		ldi r23,hi8(10434)
 788 02e0 00D0      		rcall A7139_WriteReg
 789               	.L56:
 790               	.LBE153:
 791               	.LM123:
 792 02e2 8FE0      		ldi r24,lo8(15)
 793 02e4 00D0      		rcall A7139_ReadReg
 794               	.LBB162:
 795               	.LM124:
 796 02e6 8270      		andi r24,lo8(2050)
 797 02e8 9870      		andi r25,hi8(2050)
 798 02ea 892B      		or r24,r25
 799 02ec 01F4      		brne .L56
 800               	.LBE162:
 801               	.LM125:
 802 02ee 8EE0      		ldi r24,lo8(14)
 803 02f0 00D0      		rcall A7139_ReadReg
 804 02f2 8C01      		movw r16,r24
 805               	.LVL64:
 806               	.LM126:
 807 02f4 8AE0      		ldi r24,lo8(10)
 808 02f6 00D0      		rcall A7139_ReadPageA
 809               	.LBB163:
 810               	.LM127:
 811 02f8 24E0      		ldi r18,4
 812 02fa 9695      	1:	lsr r25
 813 02fc 8795      		ror r24
 814 02fe 2A95      		dec r18
 815 0300 01F4      		brne 1b
 816 0302 94E0      		ldi r25,4
 817 0304 1695      	1:	lsr r17
 818 0306 0795      		ror r16
 819 0308 9A95      		dec r25
 820 030a 01F4      		brne 1b
 821 030c 802B      		or r24,r16
 822 030e 80FD      		sbrc r24,0
 823 0310 00C0      		rjmp .L57
 824               	.LM128:
 825 0312 8CE0      		ldi r24,lo8(12)
 826 0314 60E0      		ldi r22,lo8(19456)
 827 0316 7CE4      		ldi r23,hi8(19456)
 828 0318 00D0      		rcall A7139_WriteReg
 829               	.LM129:
 830 031a 82E0      		ldi r24,lo8(2)
 831 031c 60E0      		ldi r22,lo8(-2048)
 832 031e 78EF      		ldi r23,hi8(-2048)
 833 0320 00D0      		rcall A7139_WritePageA
 834               	.LM130:
 835 0322 80E0      		ldi r24,lo8(0)
 836 0324 66E0      		ldi r22,lo8(-2298)
 837 0326 77EF      		ldi r23,hi8(-2298)
 838 0328 00D0      		rcall A7139_WritePageA
 839               	.LM131:
 840 032a 8FE0      		ldi r24,lo8(15)
 841 032c 60EC      		ldi r22,lo8(12480)
 842 032e 70E3      		ldi r23,hi8(12480)
 843 0330 00D0      		rcall A7139_WriteReg
 844               	.L58:
 845               	.LBE163:
 846               	.LM132:
 847 0332 8FE0      		ldi r24,lo8(15)
 848 0334 00D0      		rcall A7139_ReadReg
 849               	.LBB164:
 850               	.LM133:
 851 0336 94FD      		sbrc r25,4
 852 0338 00C0      		rjmp .L58
 853               	.LM134:
 854 033a 8CE0      		ldi r24,lo8(12)
 855 033c 60E0      		ldi r22,lo8(17408)
 856 033e 74E4      		ldi r23,hi8(17408)
 857 0340 00D0      		rcall A7139_WriteReg
 858               	.LM135:
 859 0342 82E0      		ldi r24,lo8(2)
 860 0344 60E0      		ldi r22,lo8(-2048)
 861 0346 78EF      		ldi r23,hi8(-2048)
 862 0348 00D0      		rcall A7139_WritePageA
 863               	.LM136:
 864 034a 80E0      		ldi r24,lo8(0)
 865 034c 66E0      		ldi r22,lo8(-2298)
 866 034e 77EF      		ldi r23,hi8(-2298)
 867 0350 00D0      		rcall A7139_WritePageA
 868               	.LM137:
 869 0352 8FE0      		ldi r24,lo8(15)
 870 0354 64EC      		ldi r22,lo8(8388)
 871 0356 70E2      		ldi r23,hi8(8388)
 872 0358 00D0      		rcall A7139_WriteReg
 873               	.LBB155:
 874               	.LBB156:
 875               	.LBB157:
 876               	.LBB158:
 877               	.LM138:
 878 035a 01E0      		ldi r16,lo8(1)
 879               	.LVL65:
 880               	.L59:
 881               	.LBE158:
 882               	.LBE157:
 883               	.LBE156:
 884               	.LBE155:
 885               	.LBE164:
 886               	.LM139:
 887 035c 8FE0      		ldi r24,lo8(15)
 888 035e 00D0      		rcall A7139_ReadReg
 889               	.LBB165:
 890               	.LBB154:
 891               	.LBB161:
 892               	.LBB160:
 893               	.LBB159:
 894               	.LM140:
 895 0360 902F      		mov r25,r16
 896               	.LVL66:
 897               	/* #APP */
 898               	 ;  83 "c:/winavr-20100110/lib/gcc/../../avr/include/util/delay_basic.h" 1
 899 0362 9A95      		1: dec r25
 900 0364 01F4      		brne 1b
 901               	 ;  0 "" 2
 902               	/* #NOAPP */
 903               	.LBE159:
 904               	.LBE160:
 905               	.LBE161:
 906               	.LBE154:
 907               	.LM141:
 908 0366 82FD      		sbrc r24,2
 909 0368 00C0      		rjmp .L59
 910               	.LVL67:
 911               	.LBE165:
 912               	.LM142:
 913 036a 8EE0      		ldi r24,lo8(14)
 914               	.LVL68:
 915 036c 00D0      		rcall A7139_ReadReg
 916               	.LVL69:
 917               	.LBB166:
 918               	.LM143:
 919 036e 90FD      		sbrc r25,0
 920 0370 00C0      		rjmp .L57
 921 0372 80E0      		ldi r24,lo8(0)
 922 0374 00C0      		rjmp .L60
 923               	.LVL70:
 924               	.L57:
 925 0376 84E0      		ldi r24,lo8(4)
 926               	.L60:
 927               	/* epilogue start */
 928               	.LBE166:
 929               	.LBE152:
 930               	.LM144:
 931 0378 DF91      		pop r29
 932 037a CF91      		pop r28
 933 037c 1F91      		pop r17
 934 037e 0F91      		pop r16
 935               	.LVL71:
 936 0380 FF90      		pop r15
 937               	.LVL72:
 938 0382 EF90      		pop r14
 939               	.LVL73:
 940 0384 DF90      		pop r13
 941 0386 CF90      		pop r12
 942 0388 BF90      		pop r11
 943 038a AF90      		pop r10
 944               	.LVL74:
 945 038c 9F90      		pop r9
 946 038e 8F90      		pop r8
 947 0390 7F90      		pop r7
 948 0392 6F90      		pop r6
 949               	.LVL75:
 950 0394 0895      		ret
 951               	.LFE22:
 953               	.global	A7139_ReadCID
 955               	A7139_ReadCID:
 956               	.LFB24:
 957               	.LM145:
 958               	.LVL76:
 959 0396 EF92      		push r14
 960 0398 FF92      		push r15
 961 039a 0F93      		push r16
 962 039c 1F93      		push r17
 963               	/* prologue: function */
 964               	/* frame size = 0 */
 965 039e 7C01      		movw r14,r24
 966               	.LM146:
 967 03a0 2A98      		cbi 37-32,2
 968               	.LM147:
 969 03a2 80EA      		ldi r24,lo8(-96)
 970               	.LVL77:
 971 03a4 00D0      		rcall SPIx_WriteByte
 972               	.LM148:
 973 03a6 00D0      		rcall SPIx_ReadByte
 974 03a8 F701      		movw r30,r14
 975 03aa 8193      		st Z+,r24
 976 03ac 8F01      		movw r16,r30
 977               	.LVL78:
 978               	.LM149:
 979 03ae 00D0      		rcall SPIx_ReadByte
 980 03b0 F701      		movw r30,r14
 981 03b2 8183      		std Z+1,r24
 982               	.LM150:
 983 03b4 00D0      		rcall SPIx_ReadByte
 984 03b6 F801      		movw r30,r16
 985 03b8 8183      		std Z+1,r24
 986               	.LM151:
 987 03ba 00D0      		rcall SPIx_ReadByte
 988               	.LM152:
 989 03bc 0F5F      		subi r16,lo8(-(1))
 990 03be 1F4F      		sbci r17,hi8(-(1))
 991               	.LM153:
 992 03c0 F801      		movw r30,r16
 993 03c2 8183      		std Z+1,r24
 994               	.LM154:
 995 03c4 2A9A      		sbi 37-32,2
 996               	.LM155:
 997 03c6 80E0      		ldi r24,lo8(0)
 998               	/* epilogue start */
 999 03c8 1F91      		pop r17
 1000 03ca 0F91      		pop r16
 1001               	.LVL79:
 1002 03cc FF90      		pop r15
 1003 03ce EF90      		pop r14
 1004 03d0 0895      		ret
 1005               	.LFE24:
 1007               	.global	A7139_ReadPID
 1009               	A7139_ReadPID:
 1010               	.LFB25:
 1011               	.LM156:
 1012               	/* prologue: function */
 1013               	/* frame size = 0 */
 1014               	.LM157:
 1015 03d2 87E0      		ldi r24,lo8(7)
 1016 03d4 61E0      		ldi r22,lo8(1)
 1017 03d6 70E0      		ldi r23,hi8(1)
 1018 03d8 00D0      		rcall A7139_WriteReg
 1019               	.LM158:
 1020 03da 89E0      		ldi r24,lo8(9)
 1021 03dc 00D0      		rcall A7139_ReadReg
 1022               	/* epilogue start */
 1023               	.LM159:
 1024 03de 0895      		ret
 1025               	.LFE25:
 1027               	.global	A7139_SetDataRate
 1029               	A7139_SetDataRate:
 1030               	.LFB26:
 1031               	.LM160:
 1032               	.LVL80:
 1033 03e0 1F93      		push r17
 1034               	/* prologue: function */
 1035               	/* frame size = 0 */
 1036 03e2 182F      		mov r17,r24
 1037               	.LM161:
 1038 03e4 84E1      		ldi r24,lo8(20)
 1039               	.LVL81:
 1040 03e6 00D0      		rcall StrobeCmd
 1041               	.LM162:
 1042 03e8 87E0      		ldi r24,lo8(7)
 1043 03ea 60E1      		ldi r22,lo8(16)
 1044 03ec 70E0      		ldi r23,hi8(16)
 1045 03ee 00D0      		rcall A7139_WriteReg
 1046               	.LM163:
 1047 03f0 1233      		cpi r17,lo8(50)
 1048 03f2 01F0      		breq .L79
 1049 03f4 1333      		cpi r17,lo8(51)
 1050 03f6 00F4      		brsh .L82
 1051 03f8 1230      		cpi r17,lo8(2)
 1052 03fa 01F0      		breq .L77
 1053 03fc 1A30      		cpi r17,lo8(10)
 1054 03fe 01F4      		brne .L76
 1055 0400 00C0      		rjmp .L87
 1056               	.L82:
 1057 0402 1436      		cpi r17,lo8(100)
 1058 0404 01F0      		breq .L80
 1059 0406 1639      		cpi r17,lo8(-106)
 1060 0408 01F4      		brne .L76
 1061 040a 00C0      		rjmp .L81
 1062               	.L77:
 1063               	.LM164:
 1064 040c 80E0      		ldi r24,lo8(0)
 1065 040e 63E2      		ldi r22,lo8(12323)
 1066 0410 70E3      		ldi r23,hi8(12323)
 1067 0412 00C0      		rjmp .L85
 1068               	.L87:
 1069               	.LM165:
 1070 0414 80E0      		ldi r24,lo8(0)
 1071 0416 63E2      		ldi r22,lo8(2083)
 1072 0418 78E0      		ldi r23,hi8(2083)
 1073               	.L85:
 1074 041a 00D0      		rcall A7139_WriteReg
 1075               	.LM166:
 1076 041c 8AE0      		ldi r24,lo8(10)
 1077 041e 60ED      		ldi r22,lo8(6352)
 1078 0420 78E1      		ldi r23,hi8(6352)
 1079               	.L86:
 1080 0422 00D0      		rcall A7139_WriteReg
 1081 0424 00C0      		rjmp .L81
 1082               	.L79:
 1083               	.LM167:
 1084 0426 80E0      		ldi r24,lo8(0)
 1085 0428 63E2      		ldi r22,lo8(35)
 1086 042a 70E0      		ldi r23,hi8(35)
 1087 042c 00C0      		rjmp .L85
 1088               	.L80:
 1089               	.LM168:
 1090 042e 80E0      		ldi r24,lo8(0)
 1091 0430 61E2      		ldi r22,lo8(33)
 1092 0432 70E0      		ldi r23,hi8(33)
 1093 0434 00D0      		rcall A7139_WriteReg
 1094               	.LM169:
 1095 0436 8AE0      		ldi r24,lo8(10)
 1096 0438 64ED      		ldi r22,lo8(6356)
 1097 043a 78E1      		ldi r23,hi8(6356)
 1098 043c 00C0      		rjmp .L86
 1099               	.L76:
 1100               	.LM170:
 1101 043e 87E0      		ldi r24,lo8(7)
 1102 0440 61E1      		ldi r22,lo8(17)
 1103 0442 70E0      		ldi r23,hi8(17)
 1104 0444 00D0      		rcall A7139_WriteReg
 1105 0446 81E0      		ldi r24,lo8(1)
 1106 0448 00C0      		rjmp .L83
 1107               	.L81:
 1108               	.LM171:
 1109 044a 87E0      		ldi r24,lo8(7)
 1110 044c 61E1      		ldi r22,lo8(17)
 1111 044e 70E0      		ldi r23,hi8(17)
 1112 0450 00D0      		rcall A7139_WriteReg
 1113               	.LBB167:
 1114               	.LBB168:
 1115               	.LBB169:
 1116               	.LBB170:
 1117               	.LM172:
 1118 0452 84EC      		ldi r24,lo8(2500)
 1119 0454 99E0      		ldi r25,hi8(2500)
 1120               	.LVL82:
 1121               	/* #APP */
 1122               	 ;  105 "c:/winavr-20100110/lib/gcc/../../avr/include/util/delay_basic.h" 1
 1123 0456 0197      		1: sbiw r24,1
 1124 0458 01F4      		brne 1b
 1125               	 ;  0 "" 2
 1126               	/* #NOAPP */
 1127 045a 80E0      		ldi r24,lo8(0)
 1128               	.LVL83:
 1129               	.L83:
 1130               	/* epilogue start */
 1131               	.LBE170:
 1132               	.LBE169:
 1133               	.LBE168:
 1134               	.LBE167:
 1135               	.LM173:
 1136 045c 1F91      		pop r17
 1137               	.LVL84:
 1138 045e 0895      		ret
 1139               	.LFE26:
 1141               	.global	A7139_WriteFIFO
 1143               	A7139_WriteFIFO:
 1144               	.LFB27:
 1145               	.LM174:
 1146               	.LVL85:
 1147 0460 FF92      		push r15
 1148 0462 0F93      		push r16
 1149 0464 1F93      		push r17
 1150 0466 CF93      		push r28
 1151 0468 DF93      		push r29
 1152               	/* prologue: function */
 1153               	/* frame size = 0 */
 1154 046a 182F      		mov r17,r24
 1155 046c 092F      		mov r16,r25
 1156               	.LVL86:
 1157 046e F62E      		mov r15,r22
 1158               	.LM175:
 1159 0470 80E6      		ldi r24,lo8(96)
 1160               	.LVL87:
 1161 0472 00D0      		rcall StrobeCmd
 1162               	.LVL88:
 1163               	.LM176:
 1164 0474 2A98      		cbi 37-32,2
 1165               	.LM177:
 1166 0476 80E4      		ldi r24,lo8(64)
 1167 0478 00D0      		rcall SPIx_WriteByte
 1168 047a 212F      		mov r18,r17
 1169 047c 302F      		mov r19,r16
 1170 047e C901      		movw r24,r18
 1171 0480 EC01      		movw r28,r24
 1172 0482 10E0      		ldi r17,lo8(0)
 1173               	.LVL89:
 1174 0484 00C0      		rjmp .L89
 1175               	.L90:
 1176               	.LM178:
 1177 0486 8991      		ld r24,Y+
 1178 0488 00D0      		rcall SPIx_WriteByte
 1179               	.LM179:
 1180 048a 1F5F      		subi r17,lo8(-(1))
 1181               	.L89:
 1182 048c 1F15      		cp r17,r15
 1183 048e 00F0      		brlo .L90
 1184               	.LM180:
 1185 0490 2A9A      		sbi 37-32,2
 1186               	/* epilogue start */
 1187               	.LM181:
 1188 0492 DF91      		pop r29
 1189 0494 CF91      		pop r28
 1190 0496 1F91      		pop r17
 1191               	.LVL90:
 1192 0498 0F91      		pop r16
 1193               	.LVL91:
 1194 049a FF90      		pop r15
 1195               	.LVL92:
 1196 049c 0895      		ret
 1197               	.LFE27:
 1199               	.global	A7139_ReadFIFO
 1201               	A7139_ReadFIFO:
 1202               	.LFB28:
 1203               	.LM182:
 1204               	.LVL93:
 1205 049e 0F93      		push r16
 1206 04a0 1F93      		push r17
 1207 04a2 CF93      		push r28
 1208 04a4 DF93      		push r29
 1209               	/* prologue: function */
 1210               	/* frame size = 0 */
 1211 04a6 EC01      		movw r28,r24
 1212               	.LM183:
 1213 04a8 80EE      		ldi r24,lo8(-32)
 1214               	.LVL94:
 1215 04aa 00D0      		rcall StrobeCmd
 1216               	.LBB171:
 1217               	.LBB172:
 1218               	.LBB173:
 1219               	.LBB174:
 1220               	.LM184:
 1221 04ac 81E0      		ldi r24,lo8(1)
 1222               	.LVL95:
 1223               	/* #APP */
 1224               	 ;  83 "c:/winavr-20100110/lib/gcc/../../avr/include/util/delay_basic.h" 1
 1225 04ae 8A95      		1: dec r24
 1226 04b0 01F4      		brne 1b
 1227               	 ;  0 "" 2
 1228               	/* #NOAPP */
 1229               	.LBE174:
 1230               	.LBE173:
 1231               	.LBE172:
 1232               	.LBE171:
 1233               	.LM185:
 1234 04b2 2A98      		cbi 37-32,2
 1235               	.LM186:
 1236 04b4 80EC      		ldi r24,lo8(-64)
 1237               	.LVL96:
 1238 04b6 00D0      		rcall SPIx_WriteByte
 1239               	.LM187:
 1240 04b8 00D0      		rcall SPIx_ReadByte
 1241               	.LM188:
 1242 04ba 8C3F      		cpi r24,lo8(-4)
 1243               	.LVL97:
 1244 04bc 01F0      		breq .L93
 1245 04be 00E0      		ldi r16,lo8(0)
 1246               	.LVL98:
 1247 04c0 00C0      		rjmp .L94
 1248               	.LVL99:
 1249               	.L93:
 1250               	.LM189:
 1251 04c2 8883      		st Y,r24
 1252               	.LM190:
 1253 04c4 00D0      		rcall SPIx_ReadByte
 1254               	.LVL100:
 1255 04c6 082F      		mov r16,r24
 1256               	.LVL101:
 1257               	.LM191:
 1258 04c8 8983      		std Y+1,r24
 1259               	.LM192:
 1260 04ca 8150      		subi r24,lo8(-(-1))
 1261 04cc 8F30      		cpi r24,lo8(15)
 1262 04ce 00F4      		brsh .L94
 1263 04d0 12E0      		ldi r17,lo8(2)
 1264               	.LVL102:
 1265 04d2 00C0      		rjmp .L95
 1266               	.LVL103:
 1267               	.L96:
 1268               	.LM193:
 1269 04d4 00D0      		rcall SPIx_ReadByte
 1270 04d6 8983      		std Y+1,r24
 1271               	.LM194:
 1272 04d8 1F5F      		subi r17,lo8(-(1))
 1273               	.LVL104:
 1274               	.L95:
 1275 04da 2196      		adiw r28,1
 1276               	.LVL105:
 1277 04dc 1017      		cp r17,r16
 1278 04de 00F0      		brlo .L96
 1279               	.LVL106:
 1280               	.L94:
 1281               	.LM195:
 1282 04e0 2A9A      		sbi 37-32,2
 1283               	.LM196:
 1284 04e2 802F      		mov r24,r16
 1285               	.LVL107:
 1286               	/* epilogue start */
 1287 04e4 DF91      		pop r29
 1288 04e6 CF91      		pop r28
 1289               	.LVL108:
 1290 04e8 1F91      		pop r17
 1291               	.LVL109:
 1292 04ea 0F91      		pop r16
 1293               	.LVL110:
 1294 04ec 0895      		ret
 1295               	.LFE28:
 1297               	.global	A7139_SetPackLen
 1299               	A7139_SetPackLen:
 1300               	.LFB29:
 1301               	.LM197:
 1302               	.LVL111:
 1303 04ee 0F93      		push r16
 1304 04f0 1F93      		push r17
 1305               	/* prologue: function */
 1306               	/* frame size = 0 */
 1307 04f2 082F      		mov r16,r24
 1308               	.LM198:
 1309 04f4 84E1      		ldi r24,lo8(20)
 1310               	.LVL112:
 1311 04f6 00D0      		rcall StrobeCmd
 1312               	.LM199:
 1313 04f8 10E0      		ldi r17,lo8(0)
 1314               	.LVL113:
 1315 04fa 0150      		subi r16,lo8(-(-1))
 1316 04fc 1040      		sbci r17,hi8(-(-1))
 1317               	.LVL114:
 1318 04fe 8DE0      		ldi r24,lo8(13)
 1319 0500 B801      		movw r22,r16
 1320 0502 00D0      		rcall A7139_WritePageA
 1321               	.LM200:
 1322 0504 8AE0      		ldi r24,lo8(10)
 1323 0506 64E0      		ldi r22,lo8(4)
 1324 0508 70E0      		ldi r23,hi8(4)
 1325 050a 00D0      		rcall A7139_WritePageA
 1326               	.LM201:
 1327 050c 80E0      		ldi r24,lo8(0)
 1328               	/* epilogue start */
 1329 050e 1F91      		pop r17
 1330               	.LVL115:
 1331 0510 0F91      		pop r16
 1332               	.LVL116:
 1333 0512 0895      		ret
 1334               	.LFE29:
 1336               	.global	A7139_IsBatteryLow
 1338               	A7139_IsBatteryLow:
 1339               	.LFB30:
 1340               	.LM202:
 1341               	.LVL117:
 1342 0514 1F93      		push r17
 1343               	/* prologue: function */
 1344               	/* frame size = 0 */
 1345 0516 182F      		mov r17,r24
 1346               	.LM203:
 1347 0518 8830      		cpi r24,lo8(8)
 1348 051a 00F4      		brsh .L105
 1349               	.L101:
 1350               	.LM204:
 1351 051c 84E1      		ldi r24,lo8(20)
 1352               	.LVL118:
 1353 051e 00D0      		rcall StrobeCmd
 1354               	.LM205:
 1355 0520 612F      		mov r22,r17
 1356 0522 70E0      		ldi r23,lo8(0)
 1357               	.LVL119:
 1358 0524 660F      		lsl r22
 1359 0526 771F      		rol r23
 1360               	.LVL120:
 1361 0528 6162      		ori r22,lo8(2593)
 1362 052a 7A60      		ori r23,hi8(2593)
 1363               	.LVL121:
 1364 052c 84E0      		ldi r24,lo8(4)
 1365 052e 00D0      		rcall A7139_WritePageA
 1366               	.LVL122:
 1367               	.LBB175:
 1368               	.LBB176:
 1369               	.LBB177:
 1370               	.LBB178:
 1371               	.LM206:
 1372 0530 83E0      		ldi r24,lo8(3)
 1373               	.LVL123:
 1374               	/* #APP */
 1375               	 ;  83 "c:/winavr-20100110/lib/gcc/../../avr/include/util/delay_basic.h" 1
 1376 0532 8A95      		1: dec r24
 1377 0534 01F4      		brne 1b
 1378               	 ;  0 "" 2
 1379               	/* #NOAPP */
 1380               	.LBE178:
 1381               	.LBE177:
 1382               	.LBE176:
 1383               	.LBE175:
 1384               	.LM207:
 1385 0536 81E0      		ldi r24,lo8(1)
 1386               	.LVL124:
 1387 0538 00D0      		rcall A7139_ReadPageA
 1388 053a 90E0      		ldi r25,lo8(0)
 1389 053c 87FF      		sbrs r24,7
 1390               	.LVL125:
 1391               	.L105:
 1392 053e 91E0      		ldi r25,lo8(1)
 1393               	.L102:
 1394               	.LM208:
 1395 0540 892F      		mov r24,r25
 1396               	.LVL126:
 1397               	/* epilogue start */
 1398 0542 1F91      		pop r17
 1399               	.LVL127:
 1400 0544 0895      		ret
 1401               	.LFE30:
 1403               	.global	A7139_GetRSSI
 1405               	A7139_GetRSSI:
 1406               	.LFB31:
 1407               	.LM209:
 1408 0546 CF93      		push r28
 1409 0548 DF93      		push r29
 1410               	/* prologue: function */
 1411               	/* frame size = 0 */
 1412               	.LM210:
 1413 054a 88E1      		ldi r24,lo8(24)
 1414 054c 00D0      		rcall StrobeCmd
 1415               	.LM211:
 1416 054e 8CE0      		ldi r24,lo8(12)
 1417 0550 60E0      		ldi r22,lo8(17408)
 1418 0552 74E4      		ldi r23,hi8(17408)
 1419 0554 00D0      		rcall A7139_WriteReg
 1420               	.LM212:
 1421 0556 8FE0      		ldi r24,lo8(15)
 1422 0558 00D0      		rcall A7139_ReadReg
 1423 055a BC01      		movw r22,r24
 1424 055c 6160      		ori r22,lo8(1)
 1425 055e 8FE0      		ldi r24,lo8(15)
 1426 0560 00D0      		rcall A7139_WriteReg
 1427 0562 CFEF      		ldi r28,lo8(-1)
 1428 0564 DFEF      		ldi r29,hi8(-1)
 1429               	.LVL128:
 1430               	.L108:
 1431               	.LM213:
 1432 0566 8FE0      		ldi r24,lo8(15)
 1433 0568 00D0      		rcall A7139_ReadReg
 1434               	.LM214:
 1435 056a 2197      		sbiw r28,1
 1436 056c 9FEF      		ldi r25,hi8(-1)
 1437 056e CF3F      		cpi r28,lo8(-1)
 1438 0570 D907      		cpc r29,r25
 1439 0572 01F0      		breq .L107
 1440 0574 80FD      		sbrc r24,0
 1441 0576 00C0      		rjmp .L108
 1442               	.L107:
 1443               	.LM215:
 1444 0578 CD2B      		or r28,r29
 1445 057a 01F4      		brne .L109
 1446 057c C0E0      		ldi r28,lo8(0)
 1447 057e D0E0      		ldi r29,hi8(0)
 1448               	.LVL129:
 1449 0580 00C0      		rjmp .L110
 1450               	.LVL130:
 1451               	.L109:
 1452               	.LM216:
 1453 0582 8BE0      		ldi r24,lo8(11)
 1454 0584 00D0      		rcall A7139_ReadReg
 1455 0586 EC01      		movw r28,r24
 1456               	.LVL131:
 1457 0588 D170      		andi r29,hi8(511)
 1458               	.L110:
 1459               	.LM217:
 1460 058a 84E1      		ldi r24,lo8(20)
 1461 058c 00D0      		rcall StrobeCmd
 1462               	.LM218:
 1463 058e 8C2F      		mov r24,r28
 1464               	/* epilogue start */
 1465 0590 DF91      		pop r29
 1466 0592 CF91      		pop r28
 1467               	.LVL132:
 1468 0594 0895      		ret
 1469               	.LFE31:
 1471               	.global	A7139_WOT
 1473               	A7139_WOT:
 1474               	.LFB32:
 1475               	.LM219:
 1476               	/* prologue: function */
 1477               	/* frame size = 0 */
 1478               	.LM220:
 1479 0596 00D0      		rcall A7139_RCOSC_Cal
 1480 0598 8430      		cpi r24,lo8(4)
 1481 059a 01F0      		breq .L115
 1482               	.LM221:
 1483 059c 84E1      		ldi r24,lo8(20)
 1484 059e 00D0      		rcall StrobeCmd
 1485               	.LM222:
 1486 05a0 88E0      		ldi r24,lo8(8)
 1487 05a2 65E4      		ldi r22,lo8(69)
 1488 05a4 70E0      		ldi r23,hi8(69)
 1489 05a6 00D0      		rcall A7139_WritePageA
 1490               	.LM223:
 1491 05a8 81E0      		ldi r24,lo8(1)
 1492 05aa 6FE7      		ldi r22,lo8(639)
 1493 05ac 72E0      		ldi r23,hi8(639)
 1494 05ae 00D0      		rcall A7139_WritePageA
 1495               	.LM224:
 1496 05b0 8DE0      		ldi r24,lo8(13)
 1497 05b2 60E0      		ldi r22,lo8(3072)
 1498 05b4 7CE0      		ldi r23,hi8(3072)
 1499 05b6 00D0      		rcall A7139_WriteReg
 1500               	.LM225:
 1501 05b8 8FE0      		ldi r24,lo8(15)
 1502 05ba 60EC      		ldi r22,lo8(8896)
 1503 05bc 72E2      		ldi r23,hi8(8896)
 1504 05be 00D0      		rcall A7139_WriteReg
 1505 05c0 80E0      		ldi r24,lo8(0)
 1506               	.L115:
 1507               	.LM226:
 1508 05c2 0895      		ret
 1509               	.LFE32:
 1511               	.global	A7139_WOR_BySync
 1513               	A7139_WOR_BySync:
 1514               	.LFB33:
 1515               	.LM227:
 1516               	/* prologue: function */
 1517               	/* frame size = 0 */
 1518               	.LM228:
 1519 05c4 84E1      		ldi r24,lo8(20)
 1520 05c6 00D0      		rcall StrobeCmd
 1521               	.LM229:
 1522 05c8 88E0      		ldi r24,lo8(8)
 1523 05ca 65E4      		ldi r22,lo8(69)
 1524 05cc 70E0      		ldi r23,hi8(69)
 1525 05ce 00D0      		rcall A7139_WritePageA
 1526               	.LM230:
 1527 05d0 81E0      		ldi r24,lo8(1)
 1528 05d2 66E0      		ldi r22,lo8(-250)
 1529 05d4 7FEF      		ldi r23,hi8(-250)
 1530 05d6 00D0      		rcall A7139_WritePageA
 1531               	.LM231:
 1532 05d8 00D0      		rcall A7139_RCOSC_Cal
 1533 05da 8430      		cpi r24,lo8(4)
 1534 05dc 01F0      		breq .L119
 1535               	.LM232:
 1536 05de 82E0      		ldi r24,lo8(2)
 1537 05e0 60E1      		ldi r22,lo8(-2032)
 1538 05e2 78EF      		ldi r23,hi8(-2032)
 1539 05e4 00D0      		rcall A7139_WritePageA
 1540               	.LM233:
 1541 05e6 8FE0      		ldi r24,lo8(15)
 1542 05e8 60EC      		ldi r22,lo8(8896)
 1543 05ea 72E2      		ldi r23,hi8(8896)
 1544 05ec 00D0      		rcall A7139_WriteReg
 1545 05ee 80E0      		ldi r24,lo8(0)
 1546               	.L119:
 1547               	.LM234:
 1548 05f0 0895      		ret
 1549               	.LFE33:
 1551               	.global	A7139_WOR_ByPreamble
 1553               	A7139_WOR_ByPreamble:
 1554               	.LFB34:
 1555               	.LM235:
 1556               	/* prologue: function */
 1557               	/* frame size = 0 */
 1558               	.LM236:
 1559 05f2 84E1      		ldi r24,lo8(20)
 1560 05f4 00D0      		rcall StrobeCmd
 1561               	.LBB179:
 1562               	.LBB180:
 1563               	.LBB181:
 1564               	.LBB182:
 1565               	.LM237:
 1566 05f6 86E0      		ldi r24,lo8(6)
 1567               	.LVL133:
 1568               	/* #APP */
 1569               	 ;  83 "c:/winavr-20100110/lib/gcc/../../avr/include/util/delay_basic.h" 1
 1570 05f8 8A95      		1: dec r24
 1571 05fa 01F4      		brne 1b
 1572               	 ;  0 "" 2
 1573               	/* #NOAPP */
 1574               	.LBE182:
 1575               	.LBE181:
 1576               	.LBE180:
 1577               	.LBE179:
 1578               	.LM238:
 1579 05fc 88E0      		ldi r24,lo8(8)
 1580               	.LVL134:
 1581 05fe 67E4      		ldi r22,lo8(71)
 1582 0600 70E0      		ldi r23,hi8(71)
 1583 0602 00D0      		rcall A7139_WritePageA
 1584               	.LM239:
 1585 0604 81E0      		ldi r24,lo8(1)
 1586 0606 60E6      		ldi r22,lo8(-26528)
 1587 0608 78E9      		ldi r23,hi8(-26528)
 1588 060a 00D0      		rcall A7139_WritePageA
 1589               	.LM240:
 1590 060c 00D0      		rcall A7139_RCOSC_Cal
 1591 060e 8430      		cpi r24,lo8(4)
 1592 0610 01F0      		breq .L123
 1593               	.LM241:
 1594 0612 82E0      		ldi r24,lo8(2)
 1595 0614 60E3      		ldi r22,lo8(-2000)
 1596 0616 78EF      		ldi r23,hi8(-2000)
 1597 0618 00D0      		rcall A7139_WritePageA
 1598               	.LM242:
 1599 061a 8FE0      		ldi r24,lo8(15)
 1600 061c 60EC      		ldi r22,lo8(8896)
 1601 061e 72E2      		ldi r23,hi8(8896)
 1602 0620 00D0      		rcall A7139_WriteReg
 1603 0622 80E0      		ldi r24,lo8(0)
 1604               	.L123:
 1605               	.LM243:
 1606 0624 0895      		ret
 1607               	.LFE34:
 1609               	.global	A7139_SetPowerLevel
 1611               	A7139_SetPowerLevel:
 1612               	.LFB35:
 1613               	.LM244:
 1614               	.LVL135:
 1615 0626 1F93      		push r17
 1616               	/* prologue: function */
 1617               	/* frame size = 0 */
 1618 0628 182F      		mov r17,r24
 1619               	.LM245:
 1620 062a 84E1      		ldi r24,lo8(20)
 1621               	.LVL136:
 1622 062c 00D0      		rcall StrobeCmd
 1623               	.LBB183:
 1624               	.LBB184:
 1625               	.LBB185:
 1626               	.LBB186:
 1627               	.LM246:
 1628 062e 86E0      		ldi r24,lo8(6)
 1629               	.LVL137:
 1630               	/* #APP */
 1631               	 ;  83 "c:/winavr-20100110/lib/gcc/../../avr/include/util/delay_basic.h" 1
 1632 0630 8A95      		1: dec r24
 1633 0632 01F4      		brne 1b
 1634               	 ;  0 "" 2
 1635               	/* #NOAPP */
 1636               	.LBE186:
 1637               	.LBE185:
 1638               	.LBE184:
 1639               	.LBE183:
 1640               	.LM247:
 1641 0634 E12F      		mov r30,r17
 1642 0636 F0E0      		ldi r31,lo8(0)
 1643               	.LVL138:
 1644 0638 E930      		cpi r30,9
 1645 063a F105      		cpc r31,__zero_reg__
 1646 063c 00F4      		brsh .L126
 1647               	.LVL139:
 1648 063e E050      		subi r30,lo8(-(gs(.L136)))
 1649 0640 F040      		sbci r31,hi8(-(gs(.L136)))
 1650               	.LVL140:
 1651 0642 0994      		ijmp
 1652               	.LVL141:
 1653               		.data
 1654               		.section .progmem.gcc_sw_table, "ax", @progbits
 1655               		.p2align 1
 1656               	.L136:
 1657               		.data
 1658               		.section .progmem.gcc_sw_table, "ax", @progbits
 1659               		.p2align 1
 1660 0000 00C0      		rjmp .L127
 1661 0002 00C0      		rjmp .L128
 1662 0004 00C0      		rjmp .L129
 1663 0006 00C0      		rjmp .L130
 1664 0008 00C0      		rjmp .L131
 1665 000a 00C0      		rjmp .L132
 1666 000c 00C0      		rjmp .L133
 1667 000e 00C0      		rjmp .L134
 1668 0010 00C0      		rjmp .L135
 1669               		.text
 1670               	.LVL142:
 1671               	.L126:
 1672 0644 81E0      		ldi r24,lo8(1)
 1673               	.LVL143:
 1674 0646 00C0      		rjmp .L137
 1675               	.LVL144:
 1676               	.L127:
 1677               	.LM248:
 1678 0648 80E0      		ldi r24,lo8(0)
 1679               	.LVL145:
 1680 064a 61E0      		ldi r22,lo8(769)
 1681 064c 73E0      		ldi r23,hi8(769)
 1682 064e 00C0      		rjmp .L139
 1683               	.LVL146:
 1684               	.L128:
 1685               	.LM249:
 1686 0650 80E0      		ldi r24,lo8(0)
 1687               	.LVL147:
 1688 0652 69E0      		ldi r22,lo8(777)
 1689 0654 73E0      		ldi r23,hi8(777)
 1690 0656 00C0      		rjmp .L139
 1691               	.LVL148:
 1692               	.L129:
 1693               	.LM250:
 1694 0658 80E0      		ldi r24,lo8(0)
 1695               	.LVL149:
 1696 065a 6AE0      		ldi r22,lo8(778)
 1697 065c 73E0      		ldi r23,hi8(778)
 1698 065e 00C0      		rjmp .L139
 1699               	.LVL150:
 1700               	.L130:
 1701               	.LM251:
 1702 0660 80E0      		ldi r24,lo8(0)
 1703               	.LVL151:
 1704 0662 61E6      		ldi r22,lo8(865)
 1705 0664 73E0      		ldi r23,hi8(865)
 1706 0666 00C0      		rjmp .L139
 1707               	.LVL152:
 1708               	.L131:
 1709               	.LM252:
 1710 0668 80E0      		ldi r24,lo8(0)
 1711               	.LVL153:
 1712 066a 6AE2      		ldi r22,lo8(810)
 1713 066c 73E0      		ldi r23,hi8(810)
 1714 066e 00C0      		rjmp .L139
 1715               	.LVL154:
 1716               	.L132:
 1717               	.LM253:
 1718 0670 80E0      		ldi r24,lo8(0)
 1719               	.LVL155:
 1720 0672 6CE1      		ldi r22,lo8(796)
 1721 0674 73E0      		ldi r23,hi8(796)
 1722 0676 00C0      		rjmp .L139
 1723               	.LVL156:
 1724               	.L133:
 1725               	.LM254:
 1726 0678 80E0      		ldi r24,lo8(0)
 1727               	.LVL157:
 1728 067a 66E2      		ldi r22,lo8(806)
 1729 067c 73E0      		ldi r23,hi8(806)
 1730 067e 00C0      		rjmp .L139
 1731               	.LVL158:
 1732               	.L134:
 1733               	.LM255:
 1734 0680 80E0      		ldi r24,lo8(0)
 1735               	.LVL159:
 1736 0682 6EE3      		ldi r22,lo8(830)
 1737 0684 73E0      		ldi r23,hi8(830)
 1738 0686 00C0      		rjmp .L139
 1739               	.LVL160:
 1740               	.L135:
 1741               	.LM256:
 1742 0688 80E0      		ldi r24,lo8(0)
 1743               	.LVL161:
 1744 068a 6FE5      		ldi r22,lo8(863)
 1745 068c 73E0      		ldi r23,hi8(863)
 1746               	.L139:
 1747 068e 00D0      		rcall A7139_WritePageB
 1748               	.LVL162:
 1749 0690 80E0      		ldi r24,lo8(0)
 1750               	.LVL163:
 1751               	.L137:
 1752               	/* epilogue start */
 1753               	.LM257:
 1754 0692 1F91      		pop r17
 1755 0694 0895      		ret
 1756               	.LFE35:
 1758               	.global	A7139Config
 1759               		.data
 1762               	A7139Config:
 1763 0000 2112      		.word	4641
 1764 0002 240A      		.word	2596
 1765 0004 05B8      		.word	-18427
 1766 0006 0000      		.word	0
 1767 0008 200A      		.word	2592
 1768 000a 2400      		.word	36
 1769 000c 0000      		.word	0
 1770 000e 1100      		.word	17
 1771 0010 0000      		.word	0
 1772 0012 0000      		.word	0
 1773 0014 D418      		.word	6356
 1774 0016 0970      		.word	28681
 1775 0018 0044      		.word	17408
 1776 001a 0008      		.word	2048
 1777 001c 454C      		.word	19525
 1778 001e C020      		.word	8384
 1779               	.global	A7139Config_PageA
 1782               	A7139Config_PageA:
 1783 0020 06F7      		.word	-2298
 1784 0022 0000      		.word	0
 1785 0024 00F8      		.word	-2048
 1786 0026 0711      		.word	4359
 1787 0028 7099      		.word	-26256
 1788 002a 0102      		.word	513
 1789 002c 0F40      		.word	16399
 1790 002e C02A      		.word	10944
 1791 0030 4500      		.word	69
 1792 0032 81D2      		.word	-11647
 1793 0034 0400      		.word	4
 1794 0036 2508      		.word	2085
 1795 0038 2701      		.word	295
 1796 003a 0F00      		.word	15
 1797 003c 5F15      		.word	5471
 1798 003e 0000      		.word	0
 1799               	.global	A7139Config_PageB
 1802               	A7139Config_PageB:
 1803 0040 5F03      		.word	863
 1804 0042 0084      		.word	-31744
 1805 0044 0000      		.word	0
 1806 0046 0000      		.word	0
 1807 0048 0000      		.word	0
 2024               	.Letext0:
DEFINED SYMBOLS
                            *ABS*:00000000 A7139.c
C:\Users\ADMINI~1\AppData\Local\Temp/ccTNB2yE.s:2      *ABS*:0000003f __SREG__
C:\Users\ADMINI~1\AppData\Local\Temp/ccTNB2yE.s:3      *ABS*:0000003e __SP_H__
C:\Users\ADMINI~1\AppData\Local\Temp/ccTNB2yE.s:4      *ABS*:0000003d __SP_L__
C:\Users\ADMINI~1\AppData\Local\Temp/ccTNB2yE.s:5      *ABS*:00000034 __CCP__
C:\Users\ADMINI~1\AppData\Local\Temp/ccTNB2yE.s:6      *ABS*:00000000 __tmp_reg__
C:\Users\ADMINI~1\AppData\Local\Temp/ccTNB2yE.s:7      *ABS*:00000001 __zero_reg__
C:\Users\ADMINI~1\AppData\Local\Temp/ccTNB2yE.s:18     .text:00000000 SPIx_WriteByte
C:\Users\ADMINI~1\AppData\Local\Temp/ccTNB2yE.s:69     .text:00000022 SPIx_ReadByte
C:\Users\ADMINI~1\AppData\Local\Temp/ccTNB2yE.s:119    .text:00000044 SPIx_WriteWord
C:\Users\ADMINI~1\AppData\Local\Temp/ccTNB2yE.s:165    .text:00000066 SPIx_ReadWord
C:\Users\ADMINI~1\AppData\Local\Temp/ccTNB2yE.s:218    .text:00000090 A7139_WriteReg
C:\Users\ADMINI~1\AppData\Local\Temp/ccTNB2yE.s:246    .text:000000a6 A7139_ReadReg
C:\Users\ADMINI~1\AppData\Local\Temp/ccTNB2yE.s:274    .text:000000b4 A7139_WritePageA
C:\Users\ADMINI~1\AppData\Local\Temp/ccTNB2yE.s:307    .text:000000d4 A7139_WritePageB
C:\Users\ADMINI~1\AppData\Local\Temp/ccTNB2yE.s:346    .text:000000fa A7139_ReadPageA
C:\Users\ADMINI~1\AppData\Local\Temp/ccTNB2yE.s:371    .text:0000010e A7139_RCOSC_Cal
C:\Users\ADMINI~1\AppData\Local\Temp/ccTNB2yE.s:442    .text:00000164 StrobeCmd
C:\Users\ADMINI~1\AppData\Local\Temp/ccTNB2yE.s:462    .text:0000016c A7139_SetCID
C:\Users\ADMINI~1\AppData\Local\Temp/ccTNB2yE.s:515    .text:000001ac A7139_Init
C:\Users\ADMINI~1\AppData\Local\Temp/ccTNB2yE.s:1762   .data:00000000 A7139Config
C:\Users\ADMINI~1\AppData\Local\Temp/ccTNB2yE.s:1782   .data:00000020 A7139Config_PageA
C:\Users\ADMINI~1\AppData\Local\Temp/ccTNB2yE.s:1802   .data:00000040 A7139Config_PageB
C:\Users\ADMINI~1\AppData\Local\Temp/ccTNB2yE.s:955    .text:00000396 A7139_ReadCID
C:\Users\ADMINI~1\AppData\Local\Temp/ccTNB2yE.s:1009   .text:000003d2 A7139_ReadPID
C:\Users\ADMINI~1\AppData\Local\Temp/ccTNB2yE.s:1029   .text:000003e0 A7139_SetDataRate
C:\Users\ADMINI~1\AppData\Local\Temp/ccTNB2yE.s:1143   .text:00000460 A7139_WriteFIFO
C:\Users\ADMINI~1\AppData\Local\Temp/ccTNB2yE.s:1201   .text:0000049e A7139_ReadFIFO
C:\Users\ADMINI~1\AppData\Local\Temp/ccTNB2yE.s:1299   .text:000004ee A7139_SetPackLen
C:\Users\ADMINI~1\AppData\Local\Temp/ccTNB2yE.s:1338   .text:00000514 A7139_IsBatteryLow
C:\Users\ADMINI~1\AppData\Local\Temp/ccTNB2yE.s:1405   .text:00000546 A7139_GetRSSI
C:\Users\ADMINI~1\AppData\Local\Temp/ccTNB2yE.s:1473   .text:00000596 A7139_WOT
C:\Users\ADMINI~1\AppData\Local\Temp/ccTNB2yE.s:1513   .text:000005c4 A7139_WOR_BySync
C:\Users\ADMINI~1\AppData\Local\Temp/ccTNB2yE.s:1553   .text:000005f2 A7139_WOR_ByPreamble
C:\Users\ADMINI~1\AppData\Local\Temp/ccTNB2yE.s:1611   .text:00000626 A7139_SetPowerLevel

UNDEFINED SYMBOLS
__divsf3
__fixunssfsi
__ltsf2
__floatsisf
__subsf3
__mulsf3
__do_copy_data
